Warning[2054] C:\Microchip Starter Kits\PIC18F Starter Kit 1\Shenkar\HowmWork 1\main.c 389 : suspicious pointer conversion
Warning[2058] C:\Microchip Starter Kits\PIC18F Starter Kit 1\Shenkar\HowmWork 1\main.c 390 : call of function without prototype
Warning[2054] C:\Microchip Starter Kits\PIC18F Starter Kit 1\Shenkar\HowmWork 1\main.c 393 : suspicious pointer conversion
Warning[2058] C:\Microchip Starter Kits\PIC18F Starter Kit 1\Shenkar\HowmWork 1\main.c 394 : call of function without prototype
Warning[2054] C:\Microchip Starter Kits\PIC18F Starter Kit 1\Shenkar\HowmWork 1\main.c 397 : suspicious pointer conversion
Warning[2058] C:\Microchip Starter Kits\PIC18F Starter Kit 1\Shenkar\HowmWork 1\main.c 398 : call of function without prototype
Warning[2058] C:\Microchip Starter Kits\PIC18F Starter Kit 1\Shenkar\HowmWork 1\main.c 415 : call of function without prototype
Warning[2054] C:\Microchip Starter Kits\PIC18F Starter Kit 1\Shenkar\HowmWork 1\main.c 445 : suspicious pointer conversion
Warning[2054] C:\Microchip Starter Kits\PIC18F Starter Kit 1\Shenkar\HowmWork 1\main.c 446 : suspicious pointer conversion
Warning[2058] C:\Microchip Starter Kits\PIC18F Starter Kit 1\Shenkar\HowmWork 1\main.c 449 : call of function without prototype
Warning[2058] C:\Microchip Starter Kits\PIC18F Starter Kit 1\Shenkar\HowmWork 1\main.c 453 : call of function without prototype
Warning[2054] C:\Microchip Starter Kits\PIC18F Starter Kit 1\Shenkar\HowmWork 1\main.c 460 : suspicious pointer conversion
Warning[2054] C:\Microchip Starter Kits\PIC18F Starter Kit 1\Shenkar\HowmWork 1\main.c 485 : suspicious pointer conversion
Warning[2054] C:\Microchip Starter Kits\PIC18F Starter Kit 1\Shenkar\HowmWork 1\main.c 486 : suspicious pointer conversion
Warning[2054] C:\Microchip Starter Kits\PIC18F Starter Kit 1\Shenkar\HowmWork 1\main.c 581 : suspicious pointer conversion
Warning[2054] C:\Microchip Starter Kits\PIC18F Starter Kit 1\Shenkar\HowmWork 1\main.c 582 : suspicious pointer conversion
Warning[2054] C:\Microchip Starter Kits\PIC18F Starter Kit 1\Shenkar\HowmWork 1\main.c 660 : suspicious pointer conversion
Warning[2054] C:\Microchip Starter Kits\PIC18F Starter Kit 1\Shenkar\HowmWork 1\main.c 661 : suspicious pointer conversion
Warning[2065] C:\Microchip Starter Kits\PIC18F Starter Kit 1\Shenkar\HowmWork 1\main.c 711 : static function 'YourLowPriorityISRCode' never referenced
Warning[2065] C:\Microchip Starter Kits\PIC18F Starter Kit 1\Shenkar\HowmWork 1\main.c 711 : static function 'YourHighPriorityISRCode' never referenced
Warning[2065] C:\Microchip Starter Kits\PIC18F Starter Kit 1\Shenkar\HowmWork 1\main.c 711 : static function 'YourLowPriorityISRCode' never referenced
Warning[2065] C:\Microchip Starter Kits\PIC18F Starter Kit 1\Shenkar\HowmWork 1\main.c 711 : static function 'YourHighPriorityISRCode' never referenced
Warning[2064] C:\Microchip Starter Kits\PIC18F Starter Kit 1\Shenkar\HowmWork 1\main.c 711 : static function 'ProcessIO' not defined
